Arguments: 
  C:\Program Files\nodejs\node.exe C:\Users\shukl\AppData\Roaming\npm\node_modules\yarn\bin\yarn.js start

PATH: 
  C:\Program Files\Common Files\Oracle\Java\javapath;C:\Program Files (x86)\Common Files\Oracle\Java\javapath;C:\Windows\system32;C:\Windows;C:\Windows\System32\Wbem;C:\Windows\System32\WindowsPowerShell\v1.0\;C:\Windows\System32\OpenSSH\;C:\Program Files (x86)\NVIDIA Corporation\PhysX\Common;C:\Program Files\NVIDIA Corporation\NVIDIA NvDLISR;C:\ProgramData\chocolatey\bin;C:\Program Files\Git\cmd;C:\Program Files\nodejs\;C:\Ruby30-x64\bin;C:\Users\shukl\AppData\Local\Microsoft\WindowsApps;C:\Users\shukl\AppData\Local\Programs\Microsoft VS Code\bin;C:\Users\shukl\AppData\Roaming\npm;C:\Users\shukl\AppData\Local\Android\sdk\platform-tools;C:\Users\shukl\AppData\Local\Android\sdk\tools;

Yarn version: 
  1.22.11

Node version: 
  14.17.5

Platform: 
  win32 x64

Trace: 
  SyntaxError: C:\Users\shukl\Desktop\app_new_argus\mobile-app-argus\package.json: Unexpected token < in JSON at position 595
      at JSON.parse (<anonymous>)
      at C:\Users\shukl\AppData\Roaming\npm\node_modules\yarn\lib\cli.js:1625:59
      at Generator.next (<anonymous>)
      at step (C:\Users\shukl\AppData\Roaming\npm\node_modules\yarn\lib\cli.js:310:30)
      at C:\Users\shukl\AppData\Roaming\npm\node_modules\yarn\lib\cli.js:321:13

npm manifest: 
  {
    "main": "node_modules/expo/AppEntry.js",
    "scripts": {
      "start": "expo start",
      "android": "expo start --android",
      "ios": "expo start --ios",
      "web": "expo start --web",
      "eject": "expo eject"
    },
    "dependencies": {
      "@react-native-picker/picker": "^2.2.0",
      "@react-navigation/bottom-tabs": "^6.0.9",
      "@react-navigation/drawer": "^6.1.8",
      "@react-navigation/material-top-tabs": "^6.0.6",
      "@react-navigation/native": "^6.0.6",
      "@react-navigation/native-stack": "^6.2.5",
      "@use-expo/font": "^2.0.0",
      "axios": "^0.24.0",
      "expo": "~43.0.0",
  <<<<<<< HEAD
      "expo-camera": "^12.0.3",
      "expo-document-picker": "^10.0.3",
      "expo-secure-store": "^11.0.3",
  =======
      "expo-app-loading": "^1.2.1",
  >>>>>>> a9f05503a91cdfbaa9996829dba74aeaf348eaeb
      "expo-status-bar": "~1.1.0",
      "formik": "^2.2.9",
      "moment": "^2.29.1",
      "react": "17.0.1",
      "react-dom": "17.0.1",
      "react-native": "0.64.2",
      "react-native-camera": "^4.2.1",
      "react-native-document-picker": "^7.1.1",
      "react-native-element-dropdown": "^1.4.4",
      "react-native-elements": "^3.4.2",
      "react-native-gesture-handler": "^1.10.3",
      "react-native-pager-view": "^5.4.9",
      "react-native-reanimated": "^2.2.4",
      "react-native-safe-area-context": "^3.3.2",
      "react-native-screens": "^3.9.0",
      "react-native-tab-view": "^3.1.1",
      "react-native-vector-icons": "^9.0.0",
      "react-native-web": "0.17.1",
      "react-redux": "^7.2.6",
      "react-router-native": "^5.2.1",
      "redux-thunk": "^2.4.0"
    },
    "devDependencies": {
      "@babel/core": "^7.12.9"
    },
    "private": true
  }

yarn manifest: 
  No manifest

Lockfile: 
  # THIS IS AN AUTOGENERATED FILE. DO NOT EDIT THIS FILE DIRECTLY.
  # yarn lockfile v1
